\BOOKMARK [0][-]{chapter.1}{\376\377\000I\000n\000d\000i\000c\000e\000s\000\040\000a\000n\000d\000\040\000t\000a\000b\000l\000e\000s}{}% 1
\BOOKMARK [0][-]{chapter.2}{\376\377\000M\000o\000d\000u\000l\000e\000s}{}% 2
\BOOKMARK [1][-]{section.2.1}{\376\377\000I\000n\000t\000r\000o\000d\000u\000c\000t\000i\000o\000n}{chapter.2}% 3
\BOOKMARK [1][-]{section.2.2}{\376\377\000I\000n\000s\000t\000a\000l\000l\000a\000t\000i\000o\000n}{chapter.2}% 4
\BOOKMARK [2][-]{subsection.2.2.1}{\376\377\000I\000n\000s\000t\000a\000l\000l\000\040\000M\000i\000n\000i\000c\000o\000n\000d\000a}{section.2.2}% 5
\BOOKMARK [2][-]{subsection.2.2.2}{\376\377\000I\000n\000s\000t\000a\000l\000l\000\040\000M\000o\000d\000e\000l\000f\000l\000o\000w\000\040\000i\000n\000\040\000t\000h\000e\000\040\000b\000a\000s\000e\000\040\000e\000n\000v\000i\000r\000o\000m\000e\000n\000t}{section.2.2}% 6
\BOOKMARK [2][-]{subsection.2.2.3}{\376\377\000I\000n\000s\000t\000a\000l\000l\000\040\000M\000o\000d\000e\000l\000f\000l\000o\000w\000\040\000i\000n\000\040\000t\000h\000e\000\040\000s\000e\000p\000a\000r\000a\000t\000e\000\040\000e\000n\000v\000i\000r\000o\000m\000e\000n\000t}{section.2.2}% 7
\BOOKMARK [2][-]{subsection.2.2.4}{\376\377\000I\000n\000\040\000w\000i\000n\000d\000o\000w\000s\000\040\000t\000h\000i\000s\000\040\000c\000a\000n\000\040\000b\000e\000\040\000u\000s\000e\000f\000u\000l}{section.2.2}% 8
\BOOKMARK [2][-]{subsection.2.2.5}{\376\377\000T\000o\000\040\000u\000p\000d\000a\000t\000e\000\040\000M\000o\000d\000e\000l\000F\000l\000o\000w}{section.2.2}% 9
\BOOKMARK [1][-]{section.2.3}{\376\377\000C\000o\000r\000e\000\040\000M\000o\000d\000u\000l\000e\000s\000,\000\040\000c\000r\000e\000a\000t\000e\000s\000\040\000a\000n\000d\000\040\000s\000o\000l\000v\000e\000s\000\040\000m\000o\000d\000e\000l\000\040\000i\000n\000s\000t\000a\000n\000c\000e\000s}{chapter.2}% 10
\BOOKMARK [2][-]{subsection.2.3.1}{\376\377\000m\000o\000d\000e\000l\000c\000l\000a\000s\000s\000\040\000m\000o\000d\000u\000l\000e}{section.2.3}% 11
\BOOKMARK [2][-]{subsection.2.3.2}{\376\377\000m\000o\000d\000e\000l\000n\000e\000w\000t\000o\000n\000\040\000m\000o\000d\000u\000l\000e}{section.2.3}% 12
\BOOKMARK [2][-]{subsection.2.3.3}{\376\377\000m\000o\000d\000e\000l\000p\000a\000t\000t\000e\000r\000n\000\040\000m\000o\000d\000u\000l\000e}{section.2.3}% 13
\BOOKMARK [2][-]{subsection.2.3.4}{\376\377\000m\000o\000d\000e\000l\000B\000L\000f\000u\000n\000k\000\040\000m\000o\000d\000u\000l\000e}{section.2.3}% 14
\BOOKMARK [2][-]{subsection.2.3.5}{\376\377\000m\000o\000d\000e\000l\000u\000s\000e\000r\000f\000u\000n\000k\000\040\000m\000o\000d\000u\000l\000e}{section.2.3}% 15
\BOOKMARK [1][-]{section.2.4}{\376\377\000P\000r\000o\000c\000e\000s\000s\000i\000n\000g\000\040\000m\000o\000d\000e\000l\000\040\000s\000p\000e\000c\000i\000f\000i\000c\000a\000t\000i\000o\000n}{chapter.2}% 16
\BOOKMARK [2][-]{subsection.2.4.1}{\376\377\000T\000e\000x\000t\000\040\000p\000r\000o\000c\000e\000s\000s\000i\000n\000g\000\040\000a\000n\000d\000\040\000n\000o\000r\000m\000a\000l\000i\000z\000a\000t\000i\000o\000n\000\040\000o\000f\000\040\000m\000o\000d\000e\000l\000\040\000s\000p\000e\000c\000i\000f\000i\000c\000a\000t\000i\000o\000n}{section.2.4}% 17
\BOOKMARK [3][-]{subsubsection*.288}{\376\377\000m\000o\000d\000e\000l\000m\000a\000n\000i\000p\000u\000l\000a\000t\000i\000o\000n\000\040\000m\000o\000d\000u\000l\000e}{subsection.2.4.1}% 18
\BOOKMARK [3][-]{subsubsection*.330}{\376\377\000m\000o\000d\000e\000l\000n\000o\000r\000m\000a\000l\000i\000z\000e\000\040\000m\000o\000d\000u\000l\000e}{subsection.2.4.1}% 19
\BOOKMARK [3][-]{subsubsection*.351}{\376\377\000m\000o\000d\000e\000l\000\137\000d\000o\000a\000b\000l\000e\000\040\000m\000o\000d\000u\000l\000e}{subsection.2.4.1}% 20
\BOOKMARK [2][-]{subsection.2.4.2}{\376\377\000O\000n\000b\000o\000a\000r\000d\000i\000n\000g\000\040\000m\000o\000d\000e\000l\000s}{section.2.4}% 21
\BOOKMARK [3][-]{subsubsection*.352}{\376\377\000m\000o\000d\000e\000l\000g\000r\000a\000b\000w\000f\0002\000\040\000m\000o\000d\000u\000l\000e}{subsection.2.4.2}% 22
\BOOKMARK [3][-]{subsubsection*.376}{\376\377\000m\000o\000d\000e\000l\000\137\000E\000x\000c\000e\000l\000\040\000m\000o\000d\000u\000l\000e}{subsection.2.4.2}% 23
\BOOKMARK [3][-]{subsubsection*.388}{\376\377\000m\000o\000d\000e\000l\000\137\000d\000y\000n\000a\000r\000e\000\040\000m\000o\000d\000u\000l\000e}{subsection.2.4.2}% 24
\BOOKMARK [3][-]{subsubsection*.390}{\376\377\000m\000o\000d\000e\000l\000\137\000l\000a\000t\000e\000x\000\040\000m\000o\000d\000u\000l\000e}{subsection.2.4.2}% 25
\BOOKMARK [3][-]{subsubsection*.401}{\376\377\000O\000l\000d\000\040\000S\000t\000u\000f\000f}{subsection.2.4.2}% 26
\BOOKMARK [4][-]{paragraph*.402}{\376\377\000m\000o\000d\000e\000l\000g\000r\000a\000b\000\040\000m\000o\000d\000u\000l\000e}{subsubsection*.401}% 27
\BOOKMARK [4][-]{paragraph*.425}{\376\377\000m\000o\000d\000e\000l\000m\000a\000c\000r\000o\000g\000r\000a\000b\000\040\000m\000o\000d\000u\000l\000e}{subsubsection*.401}% 28
\BOOKMARK [1][-]{section.2.5}{\376\377\000A\000t\000t\000r\000i\000b\000u\000t\000i\000o\000n}{chapter.2}% 29
\BOOKMARK [2][-]{subsection.2.5.1}{\376\377\000E\000q\000u\000a\000t\000i\000o\000n\000\040\000l\000e\000v\000e\000l}{section.2.5}% 30
\BOOKMARK [2][-]{subsection.2.5.2}{\376\377\000M\000o\000d\000e\000l\000\040\000l\000e\000v\000e\000l}{section.2.5}% 31
\BOOKMARK [3][-]{subsubsection*.432}{\376\377\000m\000o\000d\000e\000l\000d\000e\000k\000o\000m\000\040\000m\000o\000d\000u\000l\000e}{subsection.2.5.2}% 32
\BOOKMARK [1][-]{section.2.6}{\376\377\000m\000o\000d\000e\000l\000v\000i\000s\000\040\000m\000o\000d\000u\000l\000e}{chapter.2}% 33
\BOOKMARK [1][-]{section.2.7}{\376\377\000m\000o\000d\000e\000l\000d\000a\000s\000h\000s\000i\000d\000e\000b\000a\000r\000\040\000m\000o\000d\000u\000l\000e}{chapter.2}% 34
\BOOKMARK [1][-]{section.2.8}{\376\377\000J\000u\000p\000y\000t\000e\000r\000\040\000S\000t\000u\000f\000f}{chapter.2}% 35
\BOOKMARK [2][-]{subsection.2.8.1}{\376\377\000m\000o\000d\000e\000l\000j\000u\000p\000y\000t\000e\000r\000\040\000m\000o\000d\000u\000l\000e}{section.2.8}% 36
\BOOKMARK [2][-]{subsection.2.8.2}{\376\377\000m\000o\000d\000e\000l\000j\000u\000p\000y\000t\000e\000r\000m\000a\000g\000i\000c\000\040\000m\000o\000d\000u\000l\000e}{section.2.8}% 37
\BOOKMARK [2][-]{subsection.2.8.3}{\376\377\000m\000o\000d\000e\000l\000w\000i\000d\000g\000e\000t\000\040\000m\000o\000d\000u\000l\000e}{section.2.8}% 38
\BOOKMARK [1][-]{section.2.9}{\376\377\000m\000o\000d\000e\000l\000i\000n\000v\000e\000r\000t\000\040\000m\000o\000d\000u\000l\000e}{chapter.2}% 39
\BOOKMARK [1][-]{section.2.10}{\376\377\000m\000o\000d\000e\000l\000m\000f\000\040\000m\000o\000d\000u\000l\000e}{chapter.2}% 40
\BOOKMARK [1][-]{section.2.11}{\376\377\000m\000o\000d\000e\000l\000\137\000c\000v\000x\000\040\000m\000o\000d\000u\000l\000e}{chapter.2}% 41
\BOOKMARK [1][-]{section.2.12}{\376\377\000m\000o\000d\000e\000l\000s\000a\000n\000d\000b\000o\000x\000\040\000m\000o\000d\000u\000l\000e}{chapter.2}% 42
\BOOKMARK [1][-]{section.2.13}{\376\377\000m\000o\000d\000e\000l\000\137\000f\000i\000n\000a\000n\000c\000i\000a\000l\000\137\000s\000t\000a\000b\000i\000l\000i\000t\000y\000\040\000m\000o\000d\000u\000l\000e}{chapter.2}% 43
\BOOKMARK [1][-]{section.2.14}{\376\377\000m\000o\000d\000e\000l\000\137\000i\000f\000r\000s\0009\000\040\000m\000o\000d\000u\000l\000e}{chapter.2}% 44
\BOOKMARK [1][-]{section.2.15}{\376\377\000m\000o\000d\000e\000l\000\137\000r\000u\000n\000\137\000n\000u\000m\000b\000a\000\040\000m\000o\000d\000u\000l\000e}{chapter.2}% 45
\BOOKMARK [1][-]{section.2.16}{\376\377\000m\000o\000d\000e\000l\000c\000l\000a\000s\000s\0002\000\040\000m\000o\000d\000u\000l\000e}{chapter.2}% 46
\BOOKMARK [1][-]{section.2.17}{\376\377\000m\000o\000d\000e\000l\000d\000a\000s\000h\000\040\000m\000o\000d\000u\000l\000e}{chapter.2}% 47
\BOOKMARK [1][-]{section.2.18}{\376\377\000m\000o\000d\000e\000l\000d\000a\000s\000h\000b\000o\000o\000t\000\040\000m\000o\000d\000u\000l\000e}{chapter.2}% 48
\BOOKMARK [1][-]{section.2.19}{\376\377\000m\000o\000d\000e\000l\000d\000i\000f\000f\000\040\000m\000o\000d\000u\000l\000e}{chapter.2}% 49
\BOOKMARK [1][-]{section.2.20}{\376\377\000m\000o\000d\000e\000l\000h\000e\000l\000p\000\040\000m\000o\000d\000u\000l\000e}{chapter.2}% 50
\BOOKMARK [1][-]{section.2.21}{\376\377\000m\000o\000d\000e\000l\000n\000e\000t\000\040\000m\000o\000d\000u\000l\000e}{chapter.2}% 51
\BOOKMARK [1][-]{section.2.22}{\376\377\000m\000o\000d\000e\000l\000s\000a\000n\000d\000b\000o\000x\000\137\000M\000i\000x\000i\000n\000\040\000m\000o\000d\000u\000l\000e}{chapter.2}% 52
\BOOKMARK [1][-]{section.2.23}{\376\377\000m\000o\000d\000e\000l\000t\000o\000d\000o\000\040\000m\000o\000d\000u\000l\000e}{chapter.2}% 53
\BOOKMARK [0][-]{section*.713}{\376\377\000P\000y\000t\000h\000o\000n\000\040\000M\000o\000d\000u\000l\000e\000\040\000I\000n\000d\000e\000x}{}% 54
